android/app/build/intermediates/manifest_merge_blame_file/debug/manifest-merger-blame-debug-report.txt
1<?xml version="1.0" encoding="utf-8"?>
2<manifest xmlns:android="http://schemas.android.com/apk/res/android"
3    package="com.homeworkproject"
4    android:versionCode="1"
5    android:versionName="1.0" >
6
7    <uses-sdk
8        android:minSdkVersion="23"
9        android:targetSdkVersion="31" />
10
11    <uses-permission android:name="android.permission.SYSTEM_ALERT_WINDOW" />
11-->src/debug/AndroidManifest.xml:5:5-77
11-->src/debug/AndroidManifest.xml:5:22-75
12    <uses-permission android:name="android.permission.INTERNET" />
12-->src/main/AndroidManifest.xml:4:5-67
12-->src/main/AndroidManifest.xml:4:22-64
13
14    <queries>
14-->src/main/AndroidManifest.xml:6:5-11:15
15        <intent>
15-->src/main/AndroidManifest.xml:7:7-10:16
16            <action android:name="android.intent.action.VIEW" />
16-->src/main/AndroidManifest.xml:8:9-61
16-->src/main/AndroidManifest.xml:8:17-58
17
18            <data android:scheme="https" />
18-->src/main/AndroidManifest.xml:9:9-39
18-->src/main/AndroidManifest.xml:9:15-37
19        </intent>
20        <!-- Query open documents -->
21        <intent>
21-->[:expo-file-system] AndroidManifest.xml:17:9-19:18
22            <action android:name="android.intent.action.OPEN_DOCUMENT_TREE" />
22-->[:expo-file-system] AndroidManifest.xml:18:13-79
22-->[:expo-file-system] AndroidManifest.xml:18:21-76
23        </intent>
24    </queries>
25
26    <uses-permission android:name="android.permission.ACCESS_WIFI_STATE" />
26-->[com.facebook.flipper:flipper:0.157.0] AndroidManifest.xml:16:5-76
26-->[com.facebook.flipper:flipper:0.157.0] AndroidManifest.xml:16:22-73
27    <uses-permission android:name="android.permission.WRITE_EXTERNAL_STORAGE" />
27-->[:expo-file-system] AndroidManifest.xml:11:5-81
27-->[:expo-file-system] AndroidManifest.xml:11:22-78
28    <uses-permission android:name="android.permission.READ_EXTERNAL_STORAGE" />
28-->[:expo-file-system] AndroidManifest.xml:12:5-80
28-->[:expo-file-system] AndroidManifest.xml:12:22-77
29    <uses-permission android:name="com.google.android.finsky.permission.BIND_GET_INSTALL_REFERRER_SERVICE" />
29-->[com.android.installreferrer:installreferrer:1.0] AndroidManifest.xml:9:5-110
29-->[com.android.installreferrer:installreferrer:1.0] AndroidManifest.xml:9:22-107
30
31    <application
31-->src/main/AndroidManifest.xml:13:5-32:19
32        android:name="com.homeworkproject.MainApplication"
32-->src/main/AndroidManifest.xml:14:7-38
33        android:allowBackup="false"
33-->src/main/AndroidManifest.xml:18:7-34
34        android:appComponentFactory="androidx.core.app.CoreComponentFactory"
34-->[androidx.core:core:1.7.0] AndroidManifest.xml:24:18-86
35        android:debuggable="true"
36        android:extractNativeLibs="false"
37        android:icon="@mipmap/ic_launcher"
37-->src/main/AndroidManifest.xml:16:7-41
38        android:label="@string/app_name"
38-->src/main/AndroidManifest.xml:15:7-39
39        android:roundIcon="@mipmap/ic_launcher_round"
39-->src/main/AndroidManifest.xml:17:7-52
40        android:theme="@style/BootTheme"
40-->src/main/AndroidManifest.xml:19:7-39
41        android:usesCleartextTraffic="true" >
41-->src/debug/AndroidManifest.xml:8:9-44
42        <activity
42-->src/debug/AndroidManifest.xml:11:9-111
43            android:name="com.facebook.react.devsupport.DevSettingsActivity"
43-->src/debug/AndroidManifest.xml:11:19-83
44            android:exported="false" />
44-->src/debug/AndroidManifest.xml:11:84-108
45        <activity
45-->src/main/AndroidManifest.xml:20:7-31:18
46            android:name="com.homeworkproject.MainActivity"
46-->src/main/AndroidManifest.xml:21:9-37
47            android:configChanges="keyboard|keyboardHidden|orientation|screenLayout|screenSize|smallestScreenSize|uiMode"
47-->src/main/AndroidManifest.xml:23:9-118
48            android:exported="true"
48-->src/main/AndroidManifest.xml:26:9-32
49            android:label="@string/app_name"
49-->src/main/AndroidManifest.xml:22:9-41
50            android:launchMode="singleTask"
50-->src/main/AndroidManifest.xml:24:9-40
51            android:windowSoftInputMode="adjustResize" >
51-->src/main/AndroidManifest.xml:25:9-51
52            <intent-filter>
52-->src/main/AndroidManifest.xml:27:9-30:25
53                <action android:name="android.intent.action.MAIN" />
53-->src/main/AndroidManifest.xml:28:13-65
53-->src/main/AndroidManifest.xml:28:21-62
54
55                <category android:name="android.intent.category.LAUNCHER" />
55-->src/main/AndroidManifest.xml:29:13-73
55-->src/main/AndroidManifest.xml:29:23-70
56            </intent-filter>
57        </activity>
58
59        <provider
59-->[:expo-file-system] AndroidManifest.xml:23:9-32:20
60            android:name="expo.modules.filesystem.FileSystemFileProvider"
60-->[:expo-file-system] AndroidManifest.xml:24:13-74
61            android:authorities="com.homeworkproject.FileSystemFileProvider"
61-->[:expo-file-system] AndroidManifest.xml:25:13-74
62            android:exported="false"
62-->[:expo-file-system] AndroidManifest.xml:26:13-37
63            android:grantUriPermissions="true" >
63-->[:expo-file-system] AndroidManifest.xml:27:13-47
64            <meta-data
64-->[:expo-file-system] AndroidManifest.xml:29:13-31:70
65                android:name="android.support.FILE_PROVIDER_PATHS"
65-->[:expo-file-system] AndroidManifest.xml:30:17-67
66                android:resource="@xml/file_system_provider_paths" />
66-->[:expo-file-system] AndroidManifest.xml:31:17-67
67        </provider>
68
69        <meta-data
69-->[:expo-modules-core] AndroidManifest.xml:10:9-12:89
70            android:name="org.unimodules.core.AppLoader#react-native-headless"
70-->[:expo-modules-core] AndroidManifest.xml:11:13-79
71            android:value="expo.modules.adapters.react.apploader.RNHeadlessAppLoader" />
71-->[:expo-modules-core] AndroidManifest.xml:12:13-86
72
73        <provider
73-->[androidx.emoji2:emoji2:1.0.0] AndroidManifest.xml:26:9-34:20
74            android:name="androidx.startup.InitializationProvider"
74-->[androidx.emoji2:emoji2:1.0.0] AndroidManifest.xml:27:13-67
75            android:authorities="com.homeworkproject.androidx-startup"
75-->[androidx.emoji2:emoji2:1.0.0] AndroidManifest.xml:28:13-68
76            android:exported="false" >
76-->[androidx.emoji2:emoji2:1.0.0] AndroidManifest.xml:29:13-37
77            <meta-data
77-->[androidx.emoji2:emoji2:1.0.0] AndroidManifest.xml:31:13-33:52
78                android:name="androidx.emoji2.text.EmojiCompatInitializer"
78-->[androidx.emoji2:emoji2:1.0.0] AndroidManifest.xml:32:17-75
79                android:value="androidx.startup" />
79-->[androidx.emoji2:emoji2:1.0.0] AndroidManifest.xml:33:17-49
80            <meta-data
80-->[androidx.lifecycle:lifecycle-process:2.4.0] AndroidManifest.xml:31:13-33:52
81                android:name="androidx.lifecycle.ProcessLifecycleInitializer"
81-->[androidx.lifecycle:lifecycle-process:2.4.0] AndroidManifest.xml:32:17-78
82                android:value="androidx.startup" />
82-->[androidx.lifecycle:lifecycle-process:2.4.0] AndroidManifest.xml:33:17-49
83        </provider>
84    </application>
85
86</manifest>